<?xml version="1.0" encoding="utf-8"?><testsuites><testsuite name="pytest" errors="0" failures="0" skipped="0" tests="3" time="8.733" timestamp="2024-07-01T18:24:42.199664" hostname="Yamans-MacBook-Air.local"><testcase classname="test_e2e_Product_Purchase.TestScriptOne" name="test_LoginFunctionality[getData0]" time="2.155" /><testcase classname="test_e2e_Product_Purchase.TestScriptOne" name="test_addingProducttoCart[getuserData0]" time="4.584" /><testcase classname="test_login.TestScriptOne" name="test_LoginFunctionality[getData0]" time="1.974" /></testsuite></testsuites>